<?xml version="1.0" encoding="UTF-8" ?>
<testsuite errors="0" failures="0" hostname="sam-desktop" name="com.rapidcommittee.UserTests" tests="1" time="3.094" timestamp="2012-06-11T01:14:16">
  <properties />
  <testcase classname="com.rapidcommittee.UserTests" name="testToString" time="2.608" />
  <system-out><![CDATA[--Output from testToString--
]]></system-out>
  <system-err><![CDATA[--Output from testToString--
]]></system-err>
</testsuite>
