<?xml version="1.0" encoding="UTF-8" ?>
<testsuite errors="0" failures="1" hostname="sam-desktop" name="com.rapidcommittee.CommitteeControllerTests" tests="1" time="1.715" timestamp="2012-06-11T01:14:29">
  <properties />
  <testcase classname="com.rapidcommittee.CommitteeControllerTests" name="testSomething" time="1.012">
    <failure message="junit.framework.AssertionFailedError: Implement me" type="junit.framework.AssertionFailedError">junit.framework.AssertionFailedError: junit.framework.AssertionFailedError: Implement me
	at com.rapidcommittee.CommitteeControllerTests.testSomething(CommitteeControllerTests.groovy:15)
</failure>
  </testcase>
  <system-out><![CDATA[--Output from testSomething--
]]></system-out>
  <system-err><![CDATA[--Output from testSomething--
]]></system-err>
</testsuite>
