<?xml version="1.0" encoding="UTF-8" ?>
<testsuite errors="0" failures="1" hostname="sam-desktop" name="com.rapidcommittee.UserControllerTests" tests="1" time="6.094" timestamp="2012-06-11T01:14:22">
  <properties />
  <testcase classname="com.rapidcommittee.UserControllerTests" name="testSomething" time="5.204">
    <failure message="junit.framework.AssertionFailedError: Implement me" type="junit.framework.AssertionFailedError">junit.framework.AssertionFailedError: junit.framework.AssertionFailedError: Implement me
	at com.rapidcommittee.UserControllerTests.testSomething(UserControllerTests.groovy:15)
</failure>
  </testcase>
  <system-out><![CDATA[--Output from testSomething--
]]></system-out>
  <system-err><![CDATA[--Output from testSomething--
]]></system-err>
</testsuite>
