<?xml version="1.0" encoding="UTF-8" ?>
<testsuite errors="0" failures="0" hostname="sam-desktop" name="com.rapidcommittee.MeetingTests" tests="3" time="0.717" timestamp="2012-06-11T01:15:21">
  <properties />
  <testcase classname="com.rapidcommittee.MeetingTests" name="timeTravelingValidationTest1" time="0.67" />
  <testcase classname="com.rapidcommittee.MeetingTests" name="timeTravelingValidationTest2" time="0.016" />
  <testcase classname="com.rapidcommittee.MeetingTests" name="timeTravelingValidationTest3" time="0.022" />
  <system-out><![CDATA[--Output from timeTravelingValidationTest1--
--Output from timeTravelingValidationTest2--
--Output from timeTravelingValidationTest3--
]]></system-out>
  <system-err><![CDATA[--Output from timeTravelingValidationTest1--
--Output from timeTravelingValidationTest2--
--Output from timeTravelingValidationTest3--
]]></system-err>
</testsuite>
